<?xml version="1.0" encoding="UTF-8"?>
<!-- Generated by org.testng.reporters.JUnitXMLReporter -->
<testsuite ignored="0" hostname="MIIND51N15S2" failures="0" tests="3" name="Default test" time="3.517" errors="0" timestamp="2022-03-14T17:11:29 IST">
  <testcase classname="files.DynamicJson" name="addBook" time="2.999"/>
  <testcase classname="files.DynamicJson" name="addBook" time="0.319"/>
  <testcase classname="files.DynamicJson" name="addBook" time="0.126"/>
</testsuite> <!-- Default test -->
