<?xml version="1.0" encoding="UTF-8"?>
<testng-results ignored="0" total="3" passed="3" failed="0" skipped="0">
  <reporter-output>
  </reporter-output>
  <suite started-at="2022-03-14T17:11:25 IST" name="Default suite" finished-at="2022-03-14T17:11:29 IST" duration-ms="3517">
    <groups>
    </groups>
    <test started-at="2022-03-14T17:11:25 IST" name="Default test" finished-at="2022-03-14T17:11:29 IST" duration-ms="3517">
      <class name="files.DynamicJson">
        <test-method signature="addBook(java.lang.String,java.lang.String)[pri:0, instance:files.DynamicJson@56528192]" started-at="2022-03-14T17:11:25 IST" name="addBook" data-provider="getData" finished-at="2022-03-14T17:11:28 IST" duration-ms="2999" status="PASS">
          <params>
            <param index="0">
              <value>
                <![CDATA[Book1 raj]]>
              </value>
            </param>
            <param index="1">
              <value>
                <![CDATA[9362]]>
              </value>
            </param>
          </params>
          <reporter-output>
          </reporter-output>
        </test-method> <!-- addBook -->
        <test-method signature="addBook(java.lang.String,java.lang.String)[pri:0, instance:files.DynamicJson@56528192]" started-at="2022-03-14T17:11:28 IST" name="addBook" data-provider="getData" finished-at="2022-03-14T17:11:29 IST" duration-ms="319" status="PASS">
          <params>
            <param index="0">
              <value>
                <![CDATA[Book2 kulsum]]>
              </value>
            </param>
            <param index="1">
              <value>
                <![CDATA[2703]]>
              </value>
            </param>
          </params>
          <reporter-output>
          </reporter-output>
        </test-method> <!-- addBook -->
        <test-method signature="addBook(java.lang.String,java.lang.String)[pri:0, instance:files.DynamicJson@56528192]" started-at="2022-03-14T17:11:29 IST" name="addBook" data-provider="getData" finished-at="2022-03-14T17:11:29 IST" duration-ms="126" status="PASS">
          <params>
            <param index="0">
              <value>
                <![CDATA[Book3 bhavin]]>
              </value>
            </param>
            <param index="1">
              <value>
                <![CDATA[1410]]>
              </value>
            </param>
          </params>
          <reporter-output>
          </reporter-output>
        </test-method> <!-- addBook -->
      </class> <!-- files.DynamicJson -->
    </test> <!-- Default test -->
  </suite> <!-- Default suite -->
</testng-results>
